0 info it worked if it ends with ok
1 verbose cli [ '/usr/bin/node', '/usr/bin/npm', 'install', '-g', 'typescript' ]
2 info using npm@3.5.2
3 info using node@v8.10.0
4 silly loadCurrentTree Starting
5 silly install loadCurrentTree
6 silly install readGlobalPackageData
7 silly fetchPackageMetaData typescript
8 silly fetchNamedPackageData typescript
9 silly mapToRegistry name typescript
10 silly mapToRegistry using default registry
11 silly mapToRegistry registry https://registry.npmjs.org/
12 silly mapToRegistry uri https://registry.npmjs.org/typescript
13 verbose request uri https://registry.npmjs.org/typescript
14 verbose request no auth needed
15 info attempt registry request try #1 at 14:44:50
16 verbose request id 0a42601e4fee4865
17 http request GET https://registry.npmjs.org/typescript
18 http 200 https://registry.npmjs.org/typescript
19 verbose headers { date: 'Mon, 02 Nov 2020 09:14:50 GMT',
19 verbose headers   'content-type': 'application/json',
19 verbose headers   'transfer-encoding': 'chunked',
19 verbose headers   connection: 'keep-alive',
19 verbose headers   'set-cookie':
19 verbose headers    [ '__cfduid=de819722e4be6414b23b8b3cc9207892b1604308490; expires=Wed, 02-Dec-20 09:14:50 GMT; path=/; domain=.npmjs.org; HttpOnly; SameSite=Lax' ],
19 verbose headers   'cf-ray': '5ebcbf611fae1980-SIN',
19 verbose headers   age: '6739',
19 verbose headers   'cache-control': 'public, max-age=300',
19 verbose headers   etag: 'W/"6beee344c43a28434d6dfe56335dc025"',
19 verbose headers   'last-modified': 'Mon, 02 Nov 2020 07:15:30 GMT',
19 verbose headers   vary: 'accept-encoding, accept',
19 verbose headers   'cf-cache-status': 'HIT',
19 verbose headers   'cf-request-id': '0629d5f0aa000019806533f000000001',
19 verbose headers   'expect-ct': 'max-age=604800, report-uri="https://report-uri.cloudflare.com/cdn-cgi/beacon/expect-ct"',
19 verbose headers   server: 'cloudflare',
19 verbose headers   'content-encoding': 'gzip' }
20 silly get cb [ 200,
20 silly get   { date: 'Mon, 02 Nov 2020 09:14:50 GMT',
20 silly get     'content-type': 'application/json',
20 silly get     'transfer-encoding': 'chunked',
20 silly get     connection: 'keep-alive',
20 silly get     'set-cookie':
20 silly get      [ '__cfduid=de819722e4be6414b23b8b3cc9207892b1604308490; expires=Wed, 02-Dec-20 09:14:50 GMT; path=/; domain=.npmjs.org; HttpOnly; SameSite=Lax' ],
20 silly get     'cf-ray': '5ebcbf611fae1980-SIN',
20 silly get     age: '6739',
20 silly get     'cache-control': 'public, max-age=300',
20 silly get     etag: 'W/"6beee344c43a28434d6dfe56335dc025"',
20 silly get     'last-modified': 'Mon, 02 Nov 2020 07:15:30 GMT',
20 silly get     vary: 'accept-encoding, accept',
20 silly get     'cf-cache-status': 'HIT',
20 silly get     'cf-request-id': '0629d5f0aa000019806533f000000001',
20 silly get     'expect-ct': 'max-age=604800, report-uri="https://report-uri.cloudflare.com/cdn-cgi/beacon/expect-ct"',
20 silly get     server: 'cloudflare',
20 silly get     'content-encoding': 'gzip' } ]
21 verbose get saving typescript to /home/user/.npm/registry.npmjs.org/typescript/.cache.json
22 verbose makeDirectory /home/user/.npm creation not in flight; initializing
23 silly makeDirectory /home/user/.npm uid: 1000 gid: 1000
24 silly install normalizeTree
25 silly loadCurrentTree Finishing
26 silly loadIdealTree Starting
27 silly install loadIdealTree
28 silly cloneCurrentTree Starting
29 silly install cloneCurrentTreeToIdealTree
30 silly cloneCurrentTree Finishing
31 silly loadShrinkwrap Starting
32 silly install loadShrinkwrap
33 silly loadShrinkwrap Finishing
34 silly loadAllDepsIntoIdealTree Starting
35 silly install loadAllDepsIntoIdealTree
36 silly resolveWithNewModule typescript@4.0.5 checking installable status
37 silly cache add args [ 'typescript', null ]
38 verbose cache add spec typescript
39 silly cache add parsed spec Result {
39 silly cache add   raw: 'typescript',
39 silly cache add   scope: null,
39 silly cache add   name: 'typescript',
39 silly cache add   rawSpec: '',
39 silly cache add   spec: 'latest',
39 silly cache add   type: 'tag' }
40 silly addNamed typescript@latest
41 verbose addNamed "latest" is being treated as a dist-tag for typescript
42 info addNameTag [ 'typescript', 'latest' ]
43 silly mapToRegistry name typescript
44 silly mapToRegistry using default registry
45 silly mapToRegistry registry https://registry.npmjs.org/
46 silly mapToRegistry uri https://registry.npmjs.org/typescript
47 verbose addNameTag registry:https://registry.npmjs.org/typescript not in flight; fetching
48 verbose get https://registry.npmjs.org/typescript not expired, no request
49 silly addNameTag next cb for typescript with tag latest
50 silly addNamed typescript@4.0.5
51 verbose addNamed "4.0.5" is a plain semver version for typescript
52 silly mapToRegistry name typescript
53 silly mapToRegistry using default registry
54 silly mapToRegistry registry https://registry.npmjs.org/
55 silly mapToRegistry uri https://registry.npmjs.org/typescript
56 verbose addRemoteTarball https://registry.npmjs.org/typescript/-/typescript-4.0.5.tgz not in flight; adding
57 verbose addRemoteTarball [ 'https://registry.npmjs.org/typescript/-/typescript-4.0.5.tgz',
57 verbose addRemoteTarball   'ae9dddfd1069f1cb5beb3ef3b2170dd7c1332389' ]
58 info retry fetch attempt 1 at 14:44:51
59 info attempt registry request try #1 at 14:44:51
60 http fetch GET https://registry.npmjs.org/typescript/-/typescript-4.0.5.tgz
61 http fetch 200 https://registry.npmjs.org/typescript/-/typescript-4.0.5.tgz
62 silly fetchAndShaCheck shasum ae9dddfd1069f1cb5beb3ef3b2170dd7c1332389
63 verbose addTmpTarball /tmp/npm-14923-32aa1d33/registry.npmjs.org/typescript/-/typescript-4.0.5.tgz not in flight; adding
64 verbose addTmpTarball already have metadata; skipping unpack for typescript@4.0.5
65 silly cache afterAdd typescript@4.0.5
66 verbose afterAdd /home/user/.npm/typescript/4.0.5/package/package.json not in flight; writing
67 verbose afterAdd /home/user/.npm/typescript/4.0.5/package/package.json written
68 silly loadAllDepsIntoIdealTree Finishing
69 silly idealTree:prePrune lib
69 silly idealTree:prePrune └── typescript@4.0.5
70 silly loadIdealTree Finishing
71 silly currentTree lib
72 silly idealTree lib
72 silly idealTree └── typescript@4.0.5
73 silly generateActionsToTake Starting
74 silly install generateActionsToTake
75 warn checkPermissions Missing write access to /usr/local/lib
76 silly rollbackFailedOptional Starting
77 silly rollbackFailedOptional Finishing
78 silly runTopLevelLifecycles Starting
79 silly runTopLevelLifecycles Finishing
80 silly install printInstalled
81 verbose stack Error: EACCES: permission denied, access '/usr/local/lib'
82 verbose cwd /home/user/Documents/Javascript
83 error Linux 5.4.0-52-generic
84 error argv "/usr/bin/node" "/usr/bin/npm" "install" "-g" "typescript"
85 error node v8.10.0
86 error npm  v3.5.2
87 error path /usr/local/lib
88 error code EACCES
89 error errno -13
90 error syscall access
91 error Error: EACCES: permission denied, access '/usr/local/lib'
91 error  { Error: EACCES: permission denied, access '/usr/local/lib'
91 error   errno: -13,
91 error   code: 'EACCES',
91 error   syscall: 'access',
91 error   path: '/usr/local/lib' }
92 error Please try running this command again as root/Administrator.
93 verbose exit [ -13, true ]
